<?xml version="1.0" encoding="UTF-8"?>
<!-- Generated by org.testng.reporters.JUnitReportReporter -->
<testsuite hostname="LAPTOP-RFDNNRIC" failures="0" tests="3" name="test.thirdTest" time="0.011" errors="0" timestamp="2021-12-18T17:45:44 IST" skipped="0">
  <testcase classname="test.thirdTest" name="test8" time="0.004"/>
  <system-out/>
  <testcase classname="test.thirdTest" name="test7" time="0.002"/>
  <system-out/>
  <testcase classname="test.thirdTest" name="test6" time="0.005"/>
  <system-out/>
</testsuite> <!-- test.thirdTest -->
