<?xml version="1.0" encoding="UTF-8"?>
<!-- Generated by org.testng.reporters.JUnitReportReporter -->
<testsuite hostname="LAPTOP-RFDNNRIC" failures="0" tests="3" name="test.secondTest" time="0.007" errors="0" timestamp="2021-12-18T18:28:50 IST" skipped="1">
  <testcase classname="test.secondTest" name="test4" time="0.003"/>
  <system-out/>
  <testcase classname="test.secondTest" name="test5" time="0.004"/>
  <system-out/>
  <testcase classname="test.secondTest" name="test3">
    <skipped/>
  </testcase> <!-- test3 -->
  <system-out/>
</testsuite> <!-- test.secondTest -->
