<?xml version="1.0" encoding="UTF-8"?>
<!-- Generated by org.testng.reporters.JUnitReportReporter -->
<testsuite hostname="LAPTOP-RFDNNRIC" failures="0" tests="1" name="AutomationLearning.MavenProject.ExtentReportDemo" time="36.030" errors="0" timestamp="2021-07-19T12:18:58 IST" skipped="0">
  <testcase classname="AutomationLearning.MavenProject.ExtentReportDemo" name="Demo1" time="36.030"/>
  <system-out/>
</testsuite> <!-- AutomationLearning.MavenProject.ExtentReportDemo -->
