<?xml version="1.0" encoding="UTF-8"?>
<!-- Generated by org.testng.reporters.JUnitReportReporter -->
<testsuite hostname="LAPTOP-RFDNNRIC" failures="0" tests="3" name="dynamicJson" time="5.713" errors="0" timestamp="2021-07-29T21:39:12 IST" skipped="0">
  <testcase classname="dynamicJson" name="Test1" time="0.293"/>
  <system-out/>
  <testcase classname="dynamicJson" name="Test1" time="0.232"/>
  <system-out/>
  <testcase classname="dynamicJson" name="Test1" time="5.188"/>
  <system-out/>
</testsuite> <!-- dynamicJson -->
