<?xml version="1.0" encoding="UTF-8"?>
<!-- Generated by org.testng.reporters.JUnitReportReporter -->
<testsuite hostname="LAPTOP-RFDNNRIC" failures="0" tests="3" name="Practice1.bookDemo" time="37.709" errors="0" timestamp="2023-06-27T23:25:38 IST" skipped="0">
  <testcase classname="Practice1.bookDemo" name="getBook" time="0.097"/>
  <system-out/>
  <testcase classname="Practice1.bookDemo" name="getBook" time="37.480"/>
  <system-out/>
  <testcase classname="Practice1.bookDemo" name="getBook" time="0.132"/>
  <system-out/>
</testsuite> <!-- Practice1.bookDemo -->
