<?xml version="1.0" encoding="UTF-8"?>
<!-- Generated by org.testng.reporters.JUnitReportReporter -->
<testsuite hostname="LAPTOP-RFDNNRIC" failures="0" tests="1" name="comparisons" time="0.014" errors="0" timestamp="2021-07-03T11:33:02 IST" skipped="0">
  <testcase classname="comparisons" name="integersarray" time="0.014"/>
  <system-out/>
</testsuite> <!-- comparisons -->
