<?xml version="1.0" encoding="UTF-8"?>
<!-- Generated by org.testng.reporters.JUnitReportReporter -->
<testsuite hostname="LAPTOP-RFDNNRIC" failures="0" tests="1" name="JavaStreams" time="0.064" errors="0" timestamp="2021-07-09T11:16:09 IST" skipped="0">
  <testcase classname="JavaStreams" name="integersarray" time="0.064"/>
  <system-out/>
</testsuite> <!-- JavaStreams -->
