<?xml version="1.0" encoding="UTF-8"?>
<!-- Generated by org.testng.reporters.JUnitReportReporter -->
<testsuite hostname="LAPTOP-RFDNNRIC" failures="0" tests="1" name="TestCases.TestCase1" time="0.016" errors="0" timestamp="2021-12-14T19:11:29 IST" skipped="0">
  <testcase classname="TestCases.TestCase1" name="Test3" time="0.016"/>
  <system-out/>
</testsuite> <!-- TestCases.TestCase1 -->
