<?xml version="1.0" encoding="UTF-8"?>
<!-- Generated by org.testng.reporters.JUnitReportReporter -->
<testsuite hostname="LAPTOP-RFDNNRIC" failures="0" tests="1" name="CucumberOutput.TestNGTestRunner" time="0.845" errors="0" timestamp="2021-07-05T13:23:34 IST" skipped="0">
  <testcase classname="CucumberOutput.TestNGTestRunner" name="runScenario" time="0.845"/>
  <system-out/>
</testsuite> <!-- CucumberOutput.TestNGTestRunner -->
