<?xml version="1.0" encoding="UTF-8"?>
<!-- Generated by org.testng.reporters.JUnitReportReporter -->
<testsuite hostname="LAPTOP-RFDNNRIC" failures="0" tests="2" name="AutomationLearning.MavenProject.thirdTest" time="0.007" errors="0" timestamp="2021-07-02T15:41:55 IST" skipped="0">
  <testcase classname="AutomationLearning.MavenProject.thirdTest" name="test6" time="0.000"/>
  <system-out/>
  <testcase classname="AutomationLearning.MavenProject.thirdTest" name="test5" time="0.007"/>
  <system-out/>
</testsuite> <!-- AutomationLearning.MavenProject.thirdTest -->
