<?xml version="1.0" encoding="UTF-8"?>
<!-- Generated by org.testng.reporters.JUnitReportReporter -->
<testsuite hostname="LAPTOP-RFDNNRIC" failures="0" tests="2" name="AutomationLearning.MavenProject.secondTest" time="0.001" errors="0" timestamp="2021-07-02T15:41:55 IST" skipped="0">
  <testcase classname="AutomationLearning.MavenProject.secondTest" name="test3" time="0.000"/>
  <system-out/>
  <testcase classname="AutomationLearning.MavenProject.secondTest" name="test4" time="0.001"/>
  <system-out/>
</testsuite> <!-- AutomationLearning.MavenProject.secondTest -->
