<?xml version="1.0" encoding="UTF-8"?>
<!-- Generated by org.testng.reporters.JUnitReportReporter -->
<testsuite hostname="LAPTOP-RFDNNRIC" failures="0" tests="2" name="FinalProject.End.HomePage" time="55.146" errors="0" timestamp="15 Aug 2021 11:13:43 GMT" skipped="0">
  <testcase classname="FinalProject.End.HomePage" name="Test1" time="27.957"/>
  <testcase classname="FinalProject.End.HomePage" name="Test1" time="27.189"/>
</testsuite> <!-- FinalProject.End.HomePage -->
